e:\code\c++\pso\pso\x64\debug\pso.pch
e:\code\c++\pso\pso\x64\debug\vc141.pdb
e:\code\c++\pso\pso\x64\debug\vc141.idb
e:\code\c++\pso\pso\x64\debug\pch.obj
e:\code\c++\pso\pso\x64\debug\psoapp.obj
e:\code\c++\pso\pso\x64\debug\pso.obj
e:\code\c++\pso\pso\x64\debug\performance.obj
e:\code\c++\pso\pso\x64\debug\particle.obj
e:\code\c++\pso\x64\debug\pso.ilk
e:\code\c++\pso\x64\debug\pso.exe
e:\code\c++\pso\x64\debug\pso.pdb
e:\code\c++\pso\pso\x64\debug\pso.cuh.cache
e:\code\c++\pso\pso\x64\debug\pso_gpu.cu.cache
e:\code\c++\pso\pso\x64\debug\pso.cuh.obj
e:\code\c++\pso\pso\x64\debug\pso_gpu.cu.obj
e:\code\c++\pso\pso\x64\debug\pso.tlog\cl.command.1.tlog
e:\code\c++\pso\pso\x64\debug\pso.tlog\cl.read.1.tlog
e:\code\c++\pso\pso\x64\debug\pso.tlog\cl.write.1.tlog
e:\code\c++\pso\pso\x64\debug\pso.tlog\link.command.1.tlog
e:\code\c++\pso\pso\x64\debug\pso.tlog\link.read.1.tlog
e:\code\c++\pso\pso\x64\debug\pso.tlog\link.write.1.tlog
